GROUP,PACKAGE,CLASS,INSTRUCTION_MISSED,INSTRUCTION_COVERED,BRANCH_MISSED,BRANCH_COVERED,LINE_MISSED,LINE_COVERED,COMPLEXITY_MISSED,COMPLEXITY_COVERED,METHOD_MISSED,METHOD_COVERED
gestor-emails,com.example.demo,Contacto,0,15,0,0,0,6,0,3,0,3
gestor-emails,com.example.demo,Filtro_2,0,76,2,16,0,19,2,9,0,2
gestor-emails,com.example.demo,DemoApplication,0,3,0,0,0,1,0,1,0,1
gestor-emails,com.example.demo,Filtro,0,25,0,0,0,7,0,3,0,3
gestor-emails,com.example.demo,Correo,0,27,0,0,0,10,0,5,0,5
gestor-emails,com.example.demo,Bandejas,3,133,4,12,1,28,5,18,1,14
