-------------------------------------------------------------------------------
Test set: com.example.demo.Filtro_avanzados_Test
-------------------------------------------------------------------------------
Tests run: 2, Failures: 1, Errors: 0, Skipped: 0, Time elapsed: 0.083 s <<< FAILURE! - in com.example.demo.Filtro_avanzados_Test
FiltroPorRemitenteNombreEmailTest  Time elapsed: 0.012 s  <<< FAILURE!
org.opentest4j.AssertionFailedError: expected: <com.example.demo.Correo@8091d80> but was: <com.example.demo.Correo@78f4d15d>
	at com.example.demo.Filtro_avanzados_Test.FiltroPorRemitenteNombreEmailTest(Filtro_avanzados_Test.java:44)

